行 14: 控件 CommonDialog1 的类 MSComDlg.CommonDialog 不是一个已加载的控件类。
行 21: 控件 Toolbar1 的类 MSComctlLib.Toolbar 不是一个已加载的控件类。
行 76: 控件 StatusBar1 的类 MSComctlLib.StatusBar 不是一个已加载的控件类。
行 103: 控件 ImageList1 的类 MSComctlLib.ImageList 不是一个已加载的控件类。
行 17: 属性名 _ExtentX 在 CommonDialog1 中是无效的。
行 18: 属性名 _ExtentY 在 CommonDialog1 中是无效的。
行 19: 属性名 _Version 在 CommonDialog1 中是无效的。
行 28: 属性名 _ExtentX 在 Toolbar1 中是无效的。
行 29: 属性名 _ExtentY 在 Toolbar1 中是无效的。
行 30: 属性名 ButtonWidth 在 Toolbar1 中是无效的。
行 31: 属性名 ButtonHeight 在 Toolbar1 中是无效的。
行 33: 属性名 ImageList 在 Toolbar1 中是无效的。
行 34: 属性名 _Version 在 Toolbar1 中是无效的。
行 65: 属性名 Buttons 在 Toolbar1 中是无效的。
行 83: 属性名 _ExtentX 在 StatusBar1 中是无效的。
行 84: 属性名 _ExtentY 在 StatusBar1 中是无效的。
行 85: 属性名 _Version 在 StatusBar1 中是无效的。
行 101: 属性名 Panels 在 StatusBar1 中是无效的。
行 106: 属性名 _ExtentX 在 ImageList1 中是无效的。
行 107: 属性名 _ExtentY 在 ImageList1 中是无效的。
行 109: 属性名 ImageWidth 在 ImageList1 中是无效的。
行 110: 属性名 ImageHeight 在 ImageList1 中是无效的。
行 111: 属性名 MaskColor 在 ImageList1 中是无效的。
行 112: 属性名 _Version 在 ImageList1 中是无效的。
行 116:属性 Picture 在 ListImage1 中的文件引用无效。
行 120:属性 Picture 在 ListImage2 中的文件引用无效。
行 124:属性 Picture 在 ListImage3 中的文件引用无效。
行 128:属性 Picture 在 ListImage4 中的文件引用无效。
行 132:属性 Picture 在 ListImage5 中的文件引用无效。
行 136:属性 Picture 在 ListImage6 中的文件引用无效。
行 140:属性 Picture 在 ListImage7 中的文件引用无效。
行 143: 属性名 Images 在 ImageList1 中是无效的。
